2022-02-14 17:11:35 7240 [Note] InnoDB: Mutexes and rw_locks use Windows interlocked functions
2022-02-14 17:11:35 7240 [Note] InnoDB: Uses event mutexes
2022-02-14 17:11:35 7240 [Note] InnoDB: Compressed tables use zlib 1.2.3
2022-02-14 17:11:35 7240 [Note] InnoDB: Number of pools: 1
2022-02-14 17:11:35 7240 [Note] InnoDB: Using SSE2 crc32 instructions
2022-02-14 17:11:35 7240 [Note] InnoDB: Initializing buffer pool, total size = 128M, instances = 1, chunk size = 128M
2022-02-14 17:11:35 7240 [Note] InnoDB: Completed initialization of buffer pool
2022-02-14 17:11:35 7240 [Note] InnoDB: The first innodb_system data file 'ibdata1' did not exist. A new tablespace will be created!
2022-02-14 17:11:35 7240 [Note] InnoDB: Setting file '.\ibdata1' size to 12 MB. Physically writing the file full; Please wait ...
2022-02-14 17:11:35 7240 [Note] InnoDB: File '.\ibdata1' size is now 12 MB.
2022-02-14 17:11:35 7240 [Note] InnoDB: Setting log file .\ib_logfile101 size to 50331648 bytes
2022-02-14 17:11:35 7240 [Note] InnoDB: Setting log file .\ib_logfile1 size to 50331648 bytes
2022-02-14 17:11:35 7240 [Note] InnoDB: Renaming log file .\ib_logfile101 to .\ib_logfile0
2022-02-14 17:11:35 7240 [Note] InnoDB: New log files created, LSN=45790
2022-02-14 17:11:35 7240 [Note] InnoDB: Doublewrite buffer not found: creating new
2022-02-14 17:11:35 7240 [Note] InnoDB: Doublewrite buffer created
2022-02-14 17:11:35 7240 [Note] InnoDB: 128 out of 128 rollback segments are active.
2022-02-14 17:11:35 7240 [Note] InnoDB: Creating foreign key constraint system tables.
2022-02-14 17:11:35 7240 [Note] InnoDB: Creating tablespace and datafile system tables.
2022-02-14 17:11:35 7240 [Note] InnoDB: Creating sys_virtual system tables.
2022-02-14 17:11:35 7240 [Note] InnoDB: Creating shared tablespace for temporary tables
2022-02-14 17:11:35 7240 [Note] InnoDB: Setting file '.\ibtmp1' size to 12 MB. Physically writing the file full; Please wait ...
2022-02-14 17:11:35 7240 [Note] InnoDB: File '.\ibtmp1' size is now 12 MB.
2022-02-14 17:11:35 7240 [Note] InnoDB: Waiting for purge to start
2022-02-14 17:11:35 7240 [Note] InnoDB: 5.7.20 started; log sequence number 0
2022-02-14 17:11:35 7240 [Note] Plugin 'FEEDBACK' is disabled.
2022-02-14 17:14:34 5584 [Note] InnoDB: Mutexes and rw_locks use Windows interlocked functions
2022-02-14 17:14:34 5584 [Note] InnoDB: Uses event mutexes
2022-02-14 17:14:34 5584 [Note] InnoDB: Compressed tables use zlib 1.2.3
2022-02-14 17:14:34 5584 [Note] InnoDB: Number of pools: 1
2022-02-14 17:14:34 5584 [Note] InnoDB: Using SSE2 crc32 instructions
2022-02-14 17:14:34 5584 [Note] InnoDB: Initializing buffer pool, total size = 128M, instances = 1, chunk size = 128M
2022-02-14 17:14:34 5584 [Note] InnoDB: Completed initialization of buffer pool
2022-02-14 17:14:34 5584 [Note] InnoDB: Highest supported file format is Barracuda.
2022-02-14 17:14:34 5584 [Note] InnoDB: Starting crash recovery from checkpoint LSN=1620006
2022-02-14 17:14:34 5584 [Note] InnoDB: 128 out of 128 rollback segments are active.
2022-02-14 17:14:34 5584 [Note] InnoDB: Removed temporary tablespace data file: "ibtmp1"
2022-02-14 17:14:34 5584 [Note] InnoDB: Creating shared tablespace for temporary tables
2022-02-14 17:14:34 5584 [Note] InnoDB: Setting file '.\ibtmp1' size to 12 MB. Physically writing the file full; Please wait ...
2022-02-14 17:14:34 5584 [Note] InnoDB: File '.\ibtmp1' size is now 12 MB.
2022-02-14 17:14:34 5584 [Note] InnoDB: Waiting for purge to start
2022-02-14 17:14:34 5584 [Note] InnoDB: 5.7.20 started; log sequence number 1620015
2022-02-14 17:14:34 7448 [Note] InnoDB: Loading buffer pool(s) from C:\Users\matte\IdeaProjects\sailing-club-multimodule\src\main\resources\sailing-club\ib_buffer_pool
2022-02-14 17:14:34 7448 [Note] InnoDB: Buffer pool(s) load completed at 220214 17:14:34
2022-02-14 17:14:34 5584 [Note] Plugin 'FEEDBACK' is disabled.
2022-02-14 17:15:57 1668 [Note] InnoDB: Mutexes and rw_locks use Windows interlocked functions
2022-02-14 17:15:57 1668 [Note] InnoDB: Uses event mutexes
2022-02-14 17:15:57 1668 [Note] InnoDB: Compressed tables use zlib 1.2.3
2022-02-14 17:15:57 1668 [Note] InnoDB: Number of pools: 1
2022-02-14 17:15:57 1668 [Note] InnoDB: Using SSE2 crc32 instructions
2022-02-14 17:15:57 1668 [Note] InnoDB: Initializing buffer pool, total size = 128M, instances = 1, chunk size = 128M
2022-02-14 17:15:57 1668 [Note] InnoDB: Completed initialization of buffer pool
2022-02-14 17:15:57 1668 [Note] InnoDB: Highest supported file format is Barracuda.
2022-02-14 17:15:57 1668 [Note] InnoDB: Starting crash recovery from checkpoint LSN=1620053
2022-02-14 17:15:57 1668 [Note] InnoDB: 128 out of 128 rollback segments are active.
2022-02-14 17:15:57 1668 [Note] InnoDB: Removed temporary tablespace data file: "ibtmp1"
2022-02-14 17:15:57 1668 [Note] InnoDB: Creating shared tablespace for temporary tables
2022-02-14 17:15:57 1668 [Note] InnoDB: Setting file '.\ibtmp1' size to 12 MB. Physically writing the file full; Please wait ...
2022-02-14 17:15:57 1668 [Note] InnoDB: File '.\ibtmp1' size is now 12 MB.
2022-02-14 17:15:57 1668 [Note] InnoDB: Waiting for purge to start
2022-02-14 17:15:57 1668 [Note] InnoDB: 5.7.20 started; log sequence number 1620062
2022-02-14 17:15:57 6964 [Note] InnoDB: Loading buffer pool(s) from C:\Users\matte\IdeaProjects\sailing-club-multimodule\src\main\resources\sailing-club\ib_buffer_pool
2022-02-14 17:15:57 6964 [Note] InnoDB: Buffer pool(s) load completed at 220214 17:15:57
2022-02-14 17:15:57 1668 [Note] Plugin 'FEEDBACK' is disabled.
2022-02-14 17:16:59 6660 [Note] InnoDB: Mutexes and rw_locks use Windows interlocked functions
2022-02-14 17:16:59 6660 [Note] InnoDB: Uses event mutexes
2022-02-14 17:16:59 6660 [Note] InnoDB: Compressed tables use zlib 1.2.3
2022-02-14 17:16:59 6660 [Note] InnoDB: Number of pools: 1
2022-02-14 17:16:59 6660 [Note] InnoDB: Using SSE2 crc32 instructions
2022-02-14 17:16:59 6660 [Note] InnoDB: Initializing buffer pool, total size = 128M, instances = 1, chunk size = 128M
2022-02-14 17:16:59 6660 [Note] InnoDB: Completed initialization of buffer pool
2022-02-14 17:16:59 6660 [Note] InnoDB: Highest supported file format is Barracuda.
2022-02-14 17:16:59 6660 [Note] InnoDB: Starting crash recovery from checkpoint LSN=1620100
2022-02-14 17:16:59 6660 [Note] InnoDB: 128 out of 128 rollback segments are active.
2022-02-14 17:16:59 6660 [Note] InnoDB: Removed temporary tablespace data file: "ibtmp1"
2022-02-14 17:16:59 6660 [Note] InnoDB: Creating shared tablespace for temporary tables
2022-02-14 17:16:59 6660 [Note] InnoDB: Setting file '.\ibtmp1' size to 12 MB. Physically writing the file full; Please wait ...
2022-02-14 17:16:59 6660 [Note] InnoDB: File '.\ibtmp1' size is now 12 MB.
2022-02-14 17:16:59 6660 [Note] InnoDB: Waiting for purge to start
2022-02-14 17:16:59 6660 [Note] InnoDB: 5.7.20 started; log sequence number 1620109
2022-02-14 17:16:59 4756 [Note] InnoDB: Loading buffer pool(s) from C:\Users\matte\IdeaProjects\sailing-club-multimodule\src\main\resources\sailing-club\ib_buffer_pool
2022-02-14 17:16:59 4756 [Note] InnoDB: Buffer pool(s) load completed at 220214 17:16:59
2022-02-14 17:16:59 6660 [Note] Plugin 'FEEDBACK' is disabled.
2022-02-14 17:22:08 11968 [Note] InnoDB: Mutexes and rw_locks use Windows interlocked functions
2022-02-14 17:22:08 11968 [Note] InnoDB: Uses event mutexes
2022-02-14 17:22:08 11968 [Note] InnoDB: Compressed tables use zlib 1.2.3
2022-02-14 17:22:08 11968 [Note] InnoDB: Number of pools: 1
2022-02-14 17:22:08 11968 [Note] InnoDB: Using SSE2 crc32 instructions
2022-02-14 17:22:08 11968 [Note] InnoDB: Initializing buffer pool, total size = 128M, instances = 1, chunk size = 128M
2022-02-14 17:22:08 11968 [Note] InnoDB: Completed initialization of buffer pool
2022-02-14 17:22:08 11968 [Note] InnoDB: Highest supported file format is Barracuda.
2022-02-14 17:22:08 11968 [Note] InnoDB: Starting crash recovery from checkpoint LSN=1620147
2022-02-14 17:22:08 11968 [Note] InnoDB: 128 out of 128 rollback segments are active.
2022-02-14 17:22:08 11968 [Note] InnoDB: Removed temporary tablespace data file: "ibtmp1"
2022-02-14 17:22:08 11968 [Note] InnoDB: Creating shared tablespace for temporary tables
2022-02-14 17:22:08 11968 [Note] InnoDB: Setting file '.\ibtmp1' size to 12 MB. Physically writing the file full; Please wait ...
2022-02-14 17:22:08 11968 [Note] InnoDB: File '.\ibtmp1' size is now 12 MB.
2022-02-14 17:22:08 11968 [Note] InnoDB: Waiting for purge to start
2022-02-14 17:22:08 11968 [Note] InnoDB: 5.7.20 started; log sequence number 1620156
2022-02-14 17:22:08 2148 [Note] InnoDB: Loading buffer pool(s) from C:\Users\matte\IdeaProjects\sailing-club-multimodule\src\main\resources\sailing-club\ib_buffer_pool
2022-02-14 17:22:08 2148 [Note] InnoDB: Buffer pool(s) load completed at 220214 17:22:08
2022-02-14 17:22:08 11968 [Note] Plugin 'FEEDBACK' is disabled.
2022-02-14 17:23:49 11508 [Note] InnoDB: Mutexes and rw_locks use Windows interlocked functions
2022-02-14 17:23:49 11508 [Note] InnoDB: Uses event mutexes
2022-02-14 17:23:49 11508 [Note] InnoDB: Compressed tables use zlib 1.2.3
2022-02-14 17:23:49 11508 [Note] InnoDB: Number of pools: 1
2022-02-14 17:23:49 11508 [Note] InnoDB: Using SSE2 crc32 instructions
2022-02-14 17:23:49 11508 [Note] InnoDB: Initializing buffer pool, total size = 128M, instances = 1, chunk size = 128M
2022-02-14 17:23:49 11508 [Note] InnoDB: Completed initialization of buffer pool
2022-02-14 17:23:49 11508 [Note] InnoDB: Highest supported file format is Barracuda.
2022-02-14 17:23:49 11508 [Note] InnoDB: Starting crash recovery from checkpoint LSN=1620194
2022-02-14 17:23:49 11508 [Note] InnoDB: 128 out of 128 rollback segments are active.
2022-02-14 17:23:49 11508 [Note] InnoDB: Removed temporary tablespace data file: "ibtmp1"
2022-02-14 17:23:49 11508 [Note] InnoDB: Creating shared tablespace for temporary tables
2022-02-14 17:23:49 11508 [Note] InnoDB: Setting file '.\ibtmp1' size to 12 MB. Physically writing the file full; Please wait ...
2022-02-14 17:23:49 11508 [Note] InnoDB: File '.\ibtmp1' size is now 12 MB.
2022-02-14 17:23:49 11508 [Note] InnoDB: Waiting for purge to start
2022-02-14 17:23:49 11508 [Note] InnoDB: 5.7.20 started; log sequence number 1620203
2022-02-14 17:23:49 12068 [Note] InnoDB: Loading buffer pool(s) from C:\Users\matte\IdeaProjects\sailing-club-multimodule\src\main\resources\sailing-club\ib_buffer_pool
2022-02-14 17:23:49 12068 [Note] InnoDB: Buffer pool(s) load completed at 220214 17:23:49
2022-02-14 17:23:49 11508 [Note] Plugin 'FEEDBACK' is disabled.
2022-02-14 17:29:21 5752 [Note] InnoDB: Mutexes and rw_locks use Windows interlocked functions
2022-02-14 17:29:21 5752 [Note] InnoDB: Uses event mutexes
2022-02-14 17:29:21 5752 [Note] InnoDB: Compressed tables use zlib 1.2.3
2022-02-14 17:29:21 5752 [Note] InnoDB: Number of pools: 1
2022-02-14 17:29:21 5752 [Note] InnoDB: Using SSE2 crc32 instructions
2022-02-14 17:29:21 5752 [Note] InnoDB: Initializing buffer pool, total size = 128M, instances = 1, chunk size = 128M
2022-02-14 17:29:21 5752 [Note] InnoDB: Completed initialization of buffer pool
2022-02-14 17:29:21 5752 [Note] InnoDB: Highest supported file format is Barracuda.
2022-02-14 17:29:21 5752 [Note] InnoDB: Starting crash recovery from checkpoint LSN=1620241
2022-02-14 17:29:22 5752 [Note] InnoDB: 128 out of 128 rollback segments are active.
2022-02-14 17:29:22 5752 [Note] InnoDB: Removed temporary tablespace data file: "ibtmp1"
2022-02-14 17:29:22 5752 [Note] InnoDB: Creating shared tablespace for temporary tables
2022-02-14 17:29:22 5752 [Note] InnoDB: Setting file '.\ibtmp1' size to 12 MB. Physically writing the file full; Please wait ...
2022-02-14 17:29:22 5752 [Note] InnoDB: File '.\ibtmp1' size is now 12 MB.
2022-02-14 17:29:22 5752 [Note] InnoDB: Waiting for purge to start
2022-02-14 17:29:22 5752 [Note] InnoDB: 5.7.20 started; log sequence number 1620250
2022-02-14 17:29:22 12104 [Note] InnoDB: Loading buffer pool(s) from C:\Users\matte\IdeaProjects\sailing-club-multimodule\src\main\resources\sailing-club\ib_buffer_pool
2022-02-14 17:29:22 12104 [Note] InnoDB: Buffer pool(s) load completed at 220214 17:29:22
2022-02-14 17:29:22 5752 [Note] Plugin 'FEEDBACK' is disabled.
2022-02-14 17:32:32 11296 [Note] InnoDB: Mutexes and rw_locks use Windows interlocked functions
2022-02-14 17:32:32 11296 [Note] InnoDB: Uses event mutexes
2022-02-14 17:32:32 11296 [Note] InnoDB: Compressed tables use zlib 1.2.3
2022-02-14 17:32:32 11296 [Note] InnoDB: Number of pools: 1
2022-02-14 17:32:32 11296 [Note] InnoDB: Using SSE2 crc32 instructions
2022-02-14 17:32:32 11296 [Note] InnoDB: Initializing buffer pool, total size = 128M, instances = 1, chunk size = 128M
2022-02-14 17:32:32 11296 [Note] InnoDB: Completed initialization of buffer pool
2022-02-14 17:32:32 11296 [Note] InnoDB: Highest supported file format is Barracuda.
2022-02-14 17:32:32 11296 [Note] InnoDB: Starting crash recovery from checkpoint LSN=1620288
2022-02-14 17:32:32 11296 [Note] InnoDB: 128 out of 128 rollback segments are active.
2022-02-14 17:32:32 11296 [Note] InnoDB: Removed temporary tablespace data file: "ibtmp1"
2022-02-14 17:32:32 11296 [Note] InnoDB: Creating shared tablespace for temporary tables
2022-02-14 17:32:32 11296 [Note] InnoDB: Setting file '.\ibtmp1' size to 12 MB. Physically writing the file full; Please wait ...
2022-02-14 17:32:32 11296 [Note] InnoDB: File '.\ibtmp1' size is now 12 MB.
2022-02-14 17:32:32 11296 [Note] InnoDB: Waiting for purge to start
2022-02-14 17:32:32 11296 [Note] InnoDB: 5.7.20 started; log sequence number 1620297
2022-02-14 17:32:32 480 [Note] InnoDB: Loading buffer pool(s) from C:\Users\matte\IdeaProjects\sailing-club-multimodule\src\main\resources\sailing-club\ib_buffer_pool
2022-02-14 17:32:32 480 [Note] InnoDB: Buffer pool(s) load completed at 220214 17:32:32
2022-02-14 17:32:32 11296 [Note] Plugin 'FEEDBACK' is disabled.
2022-02-14 17:34:36 7568 [Note] InnoDB: Mutexes and rw_locks use Windows interlocked functions
2022-02-14 17:34:36 7568 [Note] InnoDB: Uses event mutexes
2022-02-14 17:34:36 7568 [Note] InnoDB: Compressed tables use zlib 1.2.3
2022-02-14 17:34:36 7568 [Note] InnoDB: Number of pools: 1
2022-02-14 17:34:36 7568 [Note] InnoDB: Using SSE2 crc32 instructions
2022-02-14 17:34:36 7568 [Note] InnoDB: Initializing buffer pool, total size = 128M, instances = 1, chunk size = 128M
2022-02-14 17:34:36 7568 [Note] InnoDB: Completed initialization of buffer pool
2022-02-14 17:34:36 7568 [Note] InnoDB: Highest supported file format is Barracuda.
2022-02-14 17:34:36 7568 [Note] InnoDB: Starting crash recovery from checkpoint LSN=1620335
2022-02-14 17:34:36 7568 [Note] InnoDB: 128 out of 128 rollback segments are active.
2022-02-14 17:34:36 7568 [Note] InnoDB: Removed temporary tablespace data file: "ibtmp1"
2022-02-14 17:34:36 7568 [Note] InnoDB: Creating shared tablespace for temporary tables
2022-02-14 17:34:36 7568 [Note] InnoDB: Setting file '.\ibtmp1' size to 12 MB. Physically writing the file full; Please wait ...
2022-02-14 17:34:36 7568 [Note] InnoDB: File '.\ibtmp1' size is now 12 MB.
2022-02-14 17:34:36 7568 [Note] InnoDB: Waiting for purge to start
2022-02-14 17:34:36 7568 [Note] InnoDB: 5.7.20 started; log sequence number 1620344
2022-02-14 17:34:36 9988 [Note] InnoDB: Loading buffer pool(s) from C:\Users\matte\IdeaProjects\sailing-club-multimodule\src\main\resources\sailing-club\ib_buffer_pool
2022-02-14 17:34:36 9988 [Note] InnoDB: Buffer pool(s) load completed at 220214 17:34:36
2022-02-14 17:34:36 7568 [Note] Plugin 'FEEDBACK' is disabled.
2022-02-14 17:36:03 10428 [Note] InnoDB: Mutexes and rw_locks use Windows interlocked functions
2022-02-14 17:36:03 10428 [Note] InnoDB: Uses event mutexes
2022-02-14 17:36:03 10428 [Note] InnoDB: Compressed tables use zlib 1.2.3
2022-02-14 17:36:03 10428 [Note] InnoDB: Number of pools: 1
2022-02-14 17:36:03 10428 [Note] InnoDB: Using SSE2 crc32 instructions
2022-02-14 17:36:03 10428 [Note] InnoDB: Initializing buffer pool, total size = 128M, instances = 1, chunk size = 128M
2022-02-14 17:36:03 10428 [Note] InnoDB: Completed initialization of buffer pool
2022-02-14 17:36:03 10428 [Note] InnoDB: Highest supported file format is Barracuda.
2022-02-14 17:36:03 10428 [Note] InnoDB: Starting crash recovery from checkpoint LSN=1620382
2022-02-14 17:36:03 10428 [Note] InnoDB: 128 out of 128 rollback segments are active.
2022-02-14 17:36:03 10428 [Note] InnoDB: Removed temporary tablespace data file: "ibtmp1"
2022-02-14 17:36:03 10428 [Note] InnoDB: Creating shared tablespace for temporary tables
2022-02-14 17:36:03 10428 [Note] InnoDB: Setting file '.\ibtmp1' size to 12 MB. Physically writing the file full; Please wait ...
2022-02-14 17:36:03 10428 [Note] InnoDB: File '.\ibtmp1' size is now 12 MB.
2022-02-14 17:36:03 10428 [Note] InnoDB: Waiting for purge to start
2022-02-14 17:36:03 10428 [Note] InnoDB: 5.7.20 started; log sequence number 1620391
2022-02-14 17:36:03 11516 [Note] InnoDB: Loading buffer pool(s) from C:\Users\matte\IdeaProjects\sailing-club-multimodule\src\main\resources\sailing-club\ib_buffer_pool
2022-02-14 17:36:03 11516 [Note] InnoDB: Buffer pool(s) load completed at 220214 17:36:03
2022-02-14 17:36:03 10428 [Note] Plugin 'FEEDBACK' is disabled.
2022-02-14 17:36:47 92 [Note] InnoDB: Mutexes and rw_locks use Windows interlocked functions
2022-02-14 17:36:47 92 [Note] InnoDB: Uses event mutexes
2022-02-14 17:36:47 92 [Note] InnoDB: Compressed tables use zlib 1.2.3
2022-02-14 17:36:47 92 [Note] InnoDB: Number of pools: 1
2022-02-14 17:36:47 92 [Note] InnoDB: Using SSE2 crc32 instructions
2022-02-14 17:36:47 92 [Note] InnoDB: Initializing buffer pool, total size = 128M, instances = 1, chunk size = 128M
2022-02-14 17:36:47 92 [Note] InnoDB: Completed initialization of buffer pool
2022-02-14 17:36:47 92 [Note] InnoDB: Highest supported file format is Barracuda.
2022-02-14 17:36:47 92 [Note] InnoDB: Starting crash recovery from checkpoint LSN=1620429
2022-02-14 17:36:47 92 [Note] InnoDB: 128 out of 128 rollback segments are active.
2022-02-14 17:36:47 92 [Note] InnoDB: Removed temporary tablespace data file: "ibtmp1"
2022-02-14 17:36:47 92 [Note] InnoDB: Creating shared tablespace for temporary tables
2022-02-14 17:36:47 92 [Note] InnoDB: Setting file '.\ibtmp1' size to 12 MB. Physically writing the file full; Please wait ...
2022-02-14 17:36:47 92 [Note] InnoDB: File '.\ibtmp1' size is now 12 MB.
2022-02-14 17:36:47 92 [Note] InnoDB: Waiting for purge to start
2022-02-14 17:36:47 92 [Note] InnoDB: 5.7.20 started; log sequence number 1620438
2022-02-14 17:36:47 11748 [Note] InnoDB: Loading buffer pool(s) from C:\Users\matte\IdeaProjects\sailing-club-multimodule\src\main\resources\sailing-club\ib_buffer_pool
2022-02-14 17:36:47 11748 [Note] InnoDB: Buffer pool(s) load completed at 220214 17:36:47
2022-02-14 17:36:47 92 [Note] Plugin 'FEEDBACK' is disabled.
2022-02-14 17:39:10 10864 [Note] InnoDB: Mutexes and rw_locks use Windows interlocked functions
2022-02-14 17:39:10 10864 [Note] InnoDB: Uses event mutexes
2022-02-14 17:39:10 10864 [Note] InnoDB: Compressed tables use zlib 1.2.3
2022-02-14 17:39:10 10864 [Note] InnoDB: Number of pools: 1
2022-02-14 17:39:10 10864 [Note] InnoDB: Using SSE2 crc32 instructions
2022-02-14 17:39:10 10864 [Note] InnoDB: Initializing buffer pool, total size = 128M, instances = 1, chunk size = 128M
2022-02-14 17:39:10 10864 [Note] InnoDB: Completed initialization of buffer pool
2022-02-14 17:39:10 10864 [Note] InnoDB: Highest supported file format is Barracuda.
2022-02-14 17:39:10 10864 [Note] InnoDB: The log sequence number 1620457 in the system tablespace does not match the log sequence number 1620492 in the ib_logfiles!
2022-02-14 17:39:10 10864 [Note] InnoDB: 128 out of 128 rollback segments are active.
2022-02-14 17:39:10 10864 [Note] InnoDB: Removed temporary tablespace data file: "ibtmp1"
2022-02-14 17:39:10 10864 [Note] InnoDB: Creating shared tablespace for temporary tables
2022-02-14 17:39:10 10864 [Note] InnoDB: Setting file '.\ibtmp1' size to 12 MB. Physically writing the file full; Please wait ...
2022-02-14 17:39:10 10864 [Note] InnoDB: File '.\ibtmp1' size is now 12 MB.
2022-02-14 17:39:10 10864 [Note] InnoDB: Waiting for purge to start
2022-02-14 17:39:10 10864 [Note] InnoDB: 5.7.20 started; log sequence number 1620492
2022-02-14 17:39:10 6060 [Note] InnoDB: Loading buffer pool(s) from C:\Users\matte\IdeaProjects\sailing-club-multimodule\src\main\resources\sailing-club\ib_buffer_pool
2022-02-14 17:39:10 6060 [Note] InnoDB: Buffer pool(s) load completed at 220214 17:39:10
2022-02-14 17:39:10 10864 [Note] Plugin 'FEEDBACK' is disabled.
2022-02-14 17:39:55 11248 [Note] InnoDB: Mutexes and rw_locks use Windows interlocked functions
2022-02-14 17:39:55 11248 [Note] InnoDB: Uses event mutexes
2022-02-14 17:39:55 11248 [Note] InnoDB: Compressed tables use zlib 1.2.3
2022-02-14 17:39:56 11248 [Note] InnoDB: Number of pools: 1
2022-02-14 17:39:56 11248 [Note] InnoDB: Using SSE2 crc32 instructions
2022-02-14 17:39:56 11248 [Note] InnoDB: Initializing buffer pool, total size = 128M, instances = 1, chunk size = 128M
2022-02-14 17:39:56 11248 [Note] InnoDB: Completed initialization of buffer pool
2022-02-14 17:39:56 11248 [Note] InnoDB: Highest supported file format is Barracuda.
2022-02-14 17:39:56 11248 [Note] InnoDB: Starting crash recovery from checkpoint LSN=1620530
2022-02-14 17:39:56 11248 [Note] InnoDB: 128 out of 128 rollback segments are active.
2022-02-14 17:39:56 11248 [Note] InnoDB: Removed temporary tablespace data file: "ibtmp1"
2022-02-14 17:39:56 11248 [Note] InnoDB: Creating shared tablespace for temporary tables
2022-02-14 17:39:56 11248 [Note] InnoDB: Setting file '.\ibtmp1' size to 12 MB. Physically writing the file full; Please wait ...
2022-02-14 17:39:56 11248 [Note] InnoDB: File '.\ibtmp1' size is now 12 MB.
2022-02-14 17:39:56 11248 [Note] InnoDB: Waiting for purge to start
2022-02-14 17:39:56 11248 [Note] InnoDB: 5.7.20 started; log sequence number 1620539
2022-02-14 17:39:56 1736 [Note] InnoDB: Loading buffer pool(s) from C:\Users\matte\IdeaProjects\sailing-club-multimodule\src\main\resources\sailing-club\ib_buffer_pool
2022-02-14 17:39:56 1736 [Note] InnoDB: Buffer pool(s) load completed at 220214 17:39:56
2022-02-14 17:39:56 11248 [Note] Plugin 'FEEDBACK' is disabled.
2022-02-14 17:54:29 10988 [Note] InnoDB: Mutexes and rw_locks use Windows interlocked functions
2022-02-14 17:54:29 10988 [Note] InnoDB: Uses event mutexes
2022-02-14 17:54:29 10988 [Note] InnoDB: Compressed tables use zlib 1.2.3
2022-02-14 17:54:29 10988 [Note] InnoDB: Number of pools: 1
2022-02-14 17:54:29 10988 [Note] InnoDB: Using SSE2 crc32 instructions
2022-02-14 17:54:29 10988 [Note] InnoDB: Initializing buffer pool, total size = 128M, instances = 1, chunk size = 128M
2022-02-14 17:54:29 10988 [Note] InnoDB: Completed initialization of buffer pool
2022-02-14 17:54:29 10988 [Note] InnoDB: Highest supported file format is Barracuda.
2022-02-14 17:54:29 10988 [Note] InnoDB: Starting crash recovery from checkpoint LSN=1620577
2022-02-14 17:54:29 10988 [Note] InnoDB: 128 out of 128 rollback segments are active.
2022-02-14 17:54:29 10988 [Note] InnoDB: Removed temporary tablespace data file: "ibtmp1"
2022-02-14 17:54:29 10988 [Note] InnoDB: Creating shared tablespace for temporary tables
2022-02-14 17:54:29 10988 [Note] InnoDB: Setting file '.\ibtmp1' size to 12 MB. Physically writing the file full; Please wait ...
2022-02-14 17:54:29 10988 [Note] InnoDB: File '.\ibtmp1' size is now 12 MB.
2022-02-14 17:54:29 10988 [Note] InnoDB: Waiting for purge to start
2022-02-14 17:54:29 10988 [Note] InnoDB: 5.7.20 started; log sequence number 1620586
2022-02-14 17:54:29 10632 [Note] InnoDB: Loading buffer pool(s) from C:\Users\matte\IdeaProjects\sailing-club-multimodule\src\main\resources\sailing-club\ib_buffer_pool
2022-02-14 17:54:29 10632 [Note] InnoDB: Buffer pool(s) load completed at 220214 17:54:29
2022-02-14 17:54:29 10988 [Note] Plugin 'FEEDBACK' is disabled.
